#
# A fatal error has been detected by the Java Runtime Environment:
#
#  EXCEPTION_ACCESS_VIOLATION (0xc0000005) at pc=0x6d341210, pid=4580, tid=5648
#
# JRE version: 7.0_01-b08
# Java VM: Java HotSpot(TM) Client VM (21.1-b02 mixed mode windows-x86 )
# Problematic frame:
# V  [jvm.dll+0xa1210]
#
# Failed to write core dump. Minidumps are not enabled by default on client versions of Windows
#
# If you would like to submit a bug report, please visit:
#   http://bugreport.sun.com/bugreport/crash.jsp
#

---------------  T H R E A D  ---------------

Current thread (0x18b71c00):  JavaThread "AWT-EventQueue-0" [_thread_in_vm, id=5648, stack(0x19070000,0x190c0000)]

siginfo: ExceptionCode=0xc0000005, reading address 0x00000000

Registers:
EAX=0x00000000, EBX=0x14f88ee8, ECX=0x00000000, EDX=0x18b71d28
ESP=0x190bddb0, EBP=0x190bddf4, ESI=0x00000001, EDI=0x18b71c00
EIP=0x6d341210, EFLAGS=0x00010246

Top of Stack: (sp=0x190bddb0)
0x190bddb0:   18b71c00 14f88ee8 0000000b 190bdde4
0x190bddc0:   6eea06c2 00000000 190be094 190bde50
0x190bddd0:   6eea07ba 6eeae31b 190be066 18b71c00
0x190bdde0:   00000000 190be074 6ef0d26e 190be068
0x190bddf0:   18b71c00 190bde14 19b88fe5 18b71d28
0x190bde00:   00000000 00000000 190bde30 00000b5b
0x190bde10:   18b71d28 190be9a0 19b862fc 00000000
0x190bde20:   00000000 190bde30 00000b5b 00000000 

Instructions: (pc=0x6d341210)
0x6d3411f0:   8d 4d fc 89 46 0c e8 05 23 f6 ff 5f 33 c0 5e 8b
0x6d341200:   e5 5d c2 14 00 8b c1 8d 70 01 8d 9b 00 00 00 00
0x6d341210:   8a 10 40 84 d2 75 f9 53 2b c6 57 50 51 e8 5e 58
0x6d341220:   f8 ff 8b b7 a4 00 00 00 8b 4e 08 8b 56 0c 8b 5e 


Register to memory mapping:

EAX=0x00000000 is an unknown value
EBX=0x14f88ee8 is an oop
{method} 
 - klass: {other class}
ECX=0x00000000 is an unknown value
EDX=0x18b71d28 is an unknown value
ESP=0x190bddb0 is pointing into the stack for thread: 0x18b71c00
EBP=0x190bddf4 is pointing into the stack for thread: 0x18b71c00
ESI=0x00000001 is an unknown value
EDI=0x18b71c00 is a thread


Stack: [0x19070000,0x190c0000],  sp=0x190bddb0,  free space=311k
Native frames: (J=compiled Java code, j=interpreted, Vv=VM code, C=native code)
V  [jvm.dll+0xa1210]
C  [jflash.dll+0x8fe5]  Java_com_jpackages_jflashplayer_FlashPanel_defineClass+0x285
C  [jflash.dll+0x62fc]
C  [jflash.dll+0x632f]
C  [jflash.dll+0x8c10]  Java_com_jpackages_jflashplayer_FlashPanel_isValidKeyJNI+0x10
j  com.jpackages.jflashplayer.FlashPanel.isValidKeyJNI(Ljava/lang/String;)Z+0
j  com.jpackages.jflashplayer.FlashPanel.a(Ljava/lang/String;)Z+1
j  com.jpackages.jflashplayer.FlashPanel.b(Ljava/lang/String;Z)I+37
j  com.jpackages.jflashplayer.FlashPanel.a(Ljava/lang/String;Z)V+3
j  com.jpackages.jflashplayer.FlashPanel.<init>(Ljava/io/File;)V+238
j  dsms.views.StartAdmin.<init>()V+104
j  dsms.views.StartProgressBar$1.actionPerformed(Ljava/awt/event/ActionEvent;)V+191
j  javax.swing.Timer.fireActionPerformed(Ljava/awt/event/ActionEvent;)V+35
j  javax.swing.Timer$DoPostEvent.run()V+74
j  java.awt.event.InvocationEvent.dispatch()V+47
j  java.awt.EventQueue.dispatchEventImpl(Ljava/awt/AWTEvent;Ljava/lang/Object;)V+21
j  java.awt.EventQueue.access$000(Ljava/awt/EventQueue;Ljava/awt/AWTEvent;Ljava/lang/Object;)V+3
j  java.awt.EventQueue$3.run()Ljava/lang/Void;+12
j  java.awt.EventQueue$3.run()Ljava/lang/Object;+1
v  ~StubRoutines::call_stub
V  [jvm.dll+0x122c7e]
V  [jvm.dll+0x1c9c0e]
V  [jvm.dll+0x122d0d]
V  [jvm.dll+0xd3c3a]
C  [java.dll+0x102f]  Java_java_security_AccessController_doPrivileged__Ljava_security_PrivilegedAction_2Ljava_security_AccessControlContext_2+0x17
j  java.security.ProtectionDomain$1.doIntersectionPrivilege(Ljava/security/PrivilegedAction;Ljava/security/AccessControlContext;Ljava/security/AccessControlContext;)Ljava/lang/Object;+28
j  java.awt.EventQueue.dispatchEvent(Ljava/awt/AWTEvent;)V+46
j  java.awt.EventDispatchThread.pumpOneEventForFilters(I)Z+245
j  java.awt.EventDispatchThread.pumpEventsForFilter(ILjava/awt/Conditional;Ljava/awt/EventFilter;)V+35
j  java.awt.EventDispatchThread.pumpEventsForHierarchy(ILjava/awt/Conditional;Ljava/awt/Component;)V+11
j  java.awt.EventDispatchThread.pumpEvents(ILjava/awt/Conditional;)V+4
j  java.awt.EventDispatchThread.pumpEvents(Ljava/awt/Conditional;)V+3
j  java.awt.EventDispatchThread.run()V+9
v  ~StubRoutines::call_stub
V  [jvm.dll+0x122c7e]
V  [jvm.dll+0x1c9c0e]
V  [jvm.dll+0x122e73]
V  [jvm.dll+0x122ed7]
V  [jvm.dll+0xccd1f]
V  [jvm.dll+0x14433f]
V  [jvm.dll+0x171549]
C  [msvcr100.dll+0x5c6de]  endthreadex+0x3a
C  [msvcr100.dll+0x5c788]  endthreadex+0xe4
C  [KERNEL32.dll+0x1336a]  BaseThreadInitThunk+0x12
C  [ntdll.dll+0x39f72]  RtlInitializeExceptionChain+0x63
C  [ntdll.dll+0x39f45]  RtlInitializeExceptionChain+0x36

Java frames: (J=compiled Java code, j=interpreted, Vv=VM code)
j  com.jpackages.jflashplayer.FlashPanel.isValidKeyJNI(Ljava/lang/String;)Z+0
j  com.jpackages.jflashplayer.FlashPanel.a(Ljava/lang/String;)Z+1
j  com.jpackages.jflashplayer.FlashPanel.b(Ljava/lang/String;Z)I+37
j  com.jpackages.jflashplayer.FlashPanel.a(Ljava/lang/String;Z)V+3
j  com.jpackages.jflashplayer.FlashPanel.<init>(Ljava/io/File;)V+238
j  dsms.views.StartAdmin.<init>()V+104
j  dsms.views.StartProgressBar$1.actionPerformed(Ljava/awt/event/ActionEvent;)V+191
j  javax.swing.Timer.fireActionPerformed(Ljava/awt/event/ActionEvent;)V+35
j  javax.swing.Timer$DoPostEvent.run()V+74
j  java.awt.event.InvocationEvent.dispatch()V+47
j  java.awt.EventQueue.dispatchEventImpl(Ljava/awt/AWTEvent;Ljava/lang/Object;)V+21
j  java.awt.EventQueue.access$000(Ljava/awt/EventQueue;Ljava/awt/AWTEvent;Ljava/lang/Object;)V+3
j  java.awt.EventQueue$3.run()Ljava/lang/Void;+12
j  java.awt.EventQueue$3.run()Ljava/lang/Object;+1
v  ~StubRoutines::call_stub
j  java.security.AccessController.doPrivileged(Ljava/security/PrivilegedAction;Ljava/security/AccessControlContext;)Ljava/lang/Object;+0
j  java.security.ProtectionDomain$1.doIntersectionPrivilege(Ljava/security/PrivilegedAction;Ljava/security/AccessControlContext;Ljava/security/AccessControlContext;)Ljava/lang/Object;+28
j  java.awt.EventQueue.dispatchEvent(Ljava/awt/AWTEvent;)V+46
j  java.awt.EventDispatchThread.pumpOneEventForFilters(I)Z+245
j  java.awt.EventDispatchThread.pumpEventsForFilter(ILjava/awt/Conditional;Ljava/awt/EventFilter;)V+35
j  java.awt.EventDispatchThread.pumpEventsForHierarchy(ILjava/awt/Conditional;Ljava/awt/Component;)V+11
j  java.awt.EventDispatchThread.pumpEvents(ILjava/awt/Conditional;)V+4
j  java.awt.EventDispatchThread.pumpEvents(Ljava/awt/Conditional;)V+3
j  java.awt.EventDispatchThread.run()V+9
v  ~StubRoutines::call_stub

---------------  P R O C E S S  ---------------

Java Threads: ( => current thread )
  0x18cd7400 JavaThread "Image Fetcher 0" daemon [_thread_blocked, id=1904, stack(0x1a560000,0x1a5b0000)]
  0x0044c000 JavaThread "DestroyJavaVM" [_thread_blocked, id=2564, stack(0x003c0000,0x00410000)]
  0x18ca7800 JavaThread "TimerQueue" daemon [_thread_blocked, id=6596, stack(0x19a80000,0x19ad0000)]
=>0x18b71c00 JavaThread "AWT-EventQueue-0" [_thread_in_vm, id=5648, stack(0x19070000,0x190c0000)]
  0x18aec000 JavaThread "AWT-Windows" daemon [_thread_in_native, id=3732, stack(0x190f0000,0x19140000)]
  0x18aeb800 JavaThread "AWT-Shutdown" [_thread_blocked, id=5152, stack(0x010f0000,0x01140000)]
  0x18ae9400 JavaThread "Java2D Disposer" daemon [_thread_blocked, id=1632, stack(0x188a0000,0x188f0000)]
  0x00c84000 JavaThread "Service Thread" daemon [_thread_blocked, id=3464, stack(0x01320000,0x01370000)]
  0x00c79c00 JavaThread "C1 CompilerThread0" daemon [_thread_blocked, id=4916, stack(0x18910000,0x18960000)]
  0x00c78800 JavaThread "Attach Listener" daemon [_thread_blocked, id=7048, stack(0x187b0000,0x18800000)]
  0x00c75400 JavaThread "Signal Dispatcher" daemon [_thread_blocked, id=1344, stack(0x011d0000,0x01220000)]
  0x00c1e400 JavaThread "Finalizer" daemon [_thread_blocked, id=6800, stack(0x00f30000,0x00f80000)]
  0x00c18800 JavaThread "Reference Handler" daemon [_thread_blocked, id=6912, stack(0x01030000,0x01080000)]

Other Threads:
  0x00c13800 VMThread [stack: 0x00ed0000,0x00f20000] [id=2820]
  0x00ca0800 WatcherThread [stack: 0x18970000,0x189c0000] [id=5344]

VM state:not at safepoint (normal execution)

VM Mutex/Monitor currently owned by a thread: None

Heap
 def new generation   total 4928K, used 3810K [0x047b0000, 0x04d00000, 0x09d00000)
  eden space 4416K,  74% used [0x047b0000, 0x04ae8b18, 0x04c00000)
  from space 512K, 100% used [0x04c00000, 0x04c80000, 0x04c80000)
  to   space 512K,   0% used [0x04c80000, 0x04c80000, 0x04d00000)
 tenured generation   total 10944K, used 5322K [0x09d00000, 0x0a7b0000, 0x147b0000)
   the space 10944K,  48% used [0x09d00000, 0x0a232830, 0x0a232a00, 0x0a7b0000)
 compacting perm gen  total 12288K, used 10972K [0x147b0000, 0x153b0000, 0x187b0000)
   the space 12288K,  89% used [0x147b0000, 0x15267000, 0x15267000, 0x153b0000)
No shared spaces configured.

Code Cache  [0x027b0000, 0x028a8000, 0x047b0000)
 total_blobs=624 nmethods=385 adapters=172 free_code_cache=31779Kb largest_free_block=32541952

Dynamic libraries:
0x01380000 - 0x013ae000 	C:\Program Files (x86)\Java\jdk1.7.0_01\bin\java.exe
0x77a70000 - 0x77bf0000 	C:\Windows\SysWOW64\ntdll.dll
0x710e0000 - 0x7111f000 	C:\Program Files\AVAST Software\Avast\snxhk.dll
0x76770000 - 0x76880000 	C:\Windows\syswow64\KERNEL32.dll
0x75800000 - 0x75847000 	C:\Windows\syswow64\KERNELBASE.dll
0x76880000 - 0x76920000 	C:\Windows\syswow64\ADVAPI32.dll
0x772e0000 - 0x7738c000 	C:\Windows\syswow64\msvcrt.dll
0x76750000 - 0x76769000 	C:\Windows\SysWOW64\sechost.dll
0x75660000 - 0x75750000 	C:\Windows\syswow64\RPCRT4.dll
0x754c0000 - 0x75520000 	C:\Windows\syswow64\SspiCli.dll
0x754b0000 - 0x754bc000 	C:\Windows\syswow64\CRYPTBASE.dll
0x75530000 - 0x75630000 	C:\Windows\syswow64\USER32.dll
0x76b30000 - 0x76bc0000 	C:\Windows\syswow64\GDI32.dll
0x76a80000 - 0x76a8a000 	C:\Windows\syswow64\LPK.dll
0x76ee0000 - 0x76f7d000 	C:\Windows\syswow64\USP10.dll
0x71890000 - 0x71a2e000 	C:\Windows\WinSxS\x86_microsoft.windows.common-controls_6595b64144ccf1df_6.0.7601.17514_none_41e6975e2bd6f2b2\COMCTL32.dll
0x757a0000 - 0x757f7000 	C:\Windows\syswow64\SHLWAPI.dll
0x75850000 - 0x758b0000 	C:\Windows\system32\IMM32.DLL
0x769b0000 - 0x76a7c000 	C:\Windows\syswow64\MSCTF.dll
0x6ee90000 - 0x6ef4e000 	C:\Program Files (x86)\Java\jdk1.7.0_01\jre\bin\msvcr100.dll
0x6d2a0000 - 0x6d5c1000 	C:\Program Files (x86)\Java\jdk1.7.0_01\jre\bin\client\jvm.dll
0x73790000 - 0x73797000 	C:\Windows\system32\WSOCK32.dll
0x75750000 - 0x75785000 	C:\Windows\syswow64\WS2_32.dll
0x76af0000 - 0x76af6000 	C:\Windows\syswow64\NSI.dll
0x711e0000 - 0x71212000 	C:\Windows\system32\WINMM.dll
0x75790000 - 0x75795000 	C:\Windows\syswow64\PSAPI.DLL
0x6efd0000 - 0x6efdc000 	C:\Program Files (x86)\Java\jdk1.7.0_01\jre\bin\verify.dll
0x6efb0000 - 0x6efd0000 	C:\Program Files (x86)\Java\jdk1.7.0_01\jre\bin\java.dll
0x6ef90000 - 0x6efa3000 	C:\Program Files (x86)\Java\jdk1.7.0_01\jre\bin\zip.dll
0x6dbb0000 - 0x6dcf2000 	C:\Program Files (x86)\Java\jdk1.7.0_01\jre\bin\awt.dll
0x76d90000 - 0x76e1f000 	C:\Windows\syswow64\OLEAUT32.dll
0x77180000 - 0x772dc000 	C:\Windows\syswow64\ole32.dll
0x74e90000 - 0x74f10000 	C:\Windows\system32\uxtheme.dll
0x74920000 - 0x74933000 	C:\Windows\system32\dwmapi.dll
0x75b00000 - 0x7674a000 	C:\Windows\syswow64\SHELL32.dll
0x6ee20000 - 0x6ee4a000 	C:\Program Files (x86)\Java\jdk1.7.0_01\jre\bin\fontmanager.dll
0x6ef70000 - 0x6ef84000 	C:\Program Files (x86)\Java\jdk1.7.0_01\jre\bin\net.dll
0x748e0000 - 0x7491c000 	C:\Windows\system32\mswsock.dll
0x748c0000 - 0x748c6000 	C:\Windows\System32\wship6.dll
0x6ef60000 - 0x6ef6f000 	C:\Program Files (x86)\Java\jdk1.7.0_01\jre\bin\nio.dll
0x6e940000 - 0x6e971000 	C:\Program Files (x86)\Java\jdk1.7.0_01\jre\bin\t2k.dll
0x6ad20000 - 0x6ad45000 	C:\Program Files (x86)\Java\jdk1.7.0_01\jre\bin\jpeg.dll
0x774c0000 - 0x77543000 	C:\Windows\syswow64\CLBCatQ.DLL
0x00ea0000 - 0x00ecd000 	C:\Program Files (x86)\WordWeb\WHook.dll
0x70880000 - 0x708bc000 	C:\Windows\system32\OLEACC.dll
0x73780000 - 0x73789000 	C:\Windows\system32\VERSION.dll
0x00fd0000 - 0x00fd8000 	C:\Program Files (x86)\Internet Download Manager\idmmkb.dll
0x6acf0000 - 0x6ad14000 	C:\Program Files (x86)\Java\jdk1.7.0_01\jre\bin\dcpr.dll
0x73fd0000 - 0x74100000 	C:\Windows\system32\WindowsCodecs.dll
0x73720000 - 0x7376c000 	C:\Windows\system32\apphelp.dll
0x73f50000 - 0x73f81000 	C:\Windows\system32\EhStorShell.dll
0x76be0000 - 0x76d7d000 	C:\Windows\syswow64\SETUPAPI.dll
0x76e20000 - 0x76e47000 	C:\Windows\syswow64\CFGMGR32.dll
0x76bc0000 - 0x76bd2000 	C:\Windows\syswow64\DEVOBJ.dll
0x746c0000 - 0x747b5000 	C:\Windows\system32\PROPSYS.dll
0x661c0000 - 0x663dd000 	C:\PROGRA~2\MICROS~1\Office12\GR469A~1.DLL
0x68ef0000 - 0x68fe1000 	C:\PROGRA~2\MICROS~1\Office12\GrooveUtil.DLL
0x75930000 - 0x75ae8000 	C:\Windows\syswow64\WININET.dll
0x77a40000 - 0x77a44000 	C:\Windows\syswow64\api-ms-win-downlevel-user32-l1-1-0.dll
0x76e50000 - 0x76e55000 	C:\Windows\syswow64\api-ms-win-downlevel-advapi32-l1-1-0.dll
0x75520000 - 0x75524000 	C:\Windows\syswow64\api-ms-win-downlevel-shlwapi-l1-1-0.dll
0x76ed0000 - 0x76ed4000 	C:\Windows\syswow64\api-ms-win-downlevel-version-l1-1-0.dll
0x75af0000 - 0x75af3000 	C:\Windows\syswow64\api-ms-win-downlevel-normaliz-l1-1-0.dll
0x76a90000 - 0x76a93000 	C:\Windows\syswow64\normaliz.DLL
0x76f80000 - 0x77178000 	C:\Windows\syswow64\iertutil.dll
0x77550000 - 0x77670000 	C:\Windows\syswow64\CRYPT32.dll
0x76d80000 - 0x76d8c000 	C:\Windows\syswow64\MSASN1.dll
0x72950000 - 0x729eb000 	C:\Windows\WinSxS\x86_microsoft.vc80.crt_1fc8b3b9a1e18e3b_8.0.50727.6195_none_d09154e044272b9a\MSVCR80.dll
0x68ff0000 - 0x68ff7000 	C:\PROGRA~2\MICROS~1\Office12\GrooveNew.DLL
0x74330000 - 0x7434b000 	C:\Windows\WinSxS\x86_microsoft.vc80.atl_1fc8b3b9a1e18e3b_8.0.50727.6195_none_d1cb102c435421de\ATL80.DLL
0x74640000 - 0x74656000 	C:\Windows\system32\CRYPTSP.dll
0x74560000 - 0x7459b000 	C:\Windows\system32\rsaenh.dll
0x753b0000 - 0x753b5000 	C:\Windows\system32\MSImg32.dll
0x73c70000 - 0x73ce0000 	C:\Windows\system32\ntshrui.dll
0x71a70000 - 0x71a89000 	C:\Windows\system32\srvcli.dll
0x73db0000 - 0x73dbb000 	C:\Windows\system32\cscapi.dll
0x73da0000 - 0x73daa000 	C:\Windows\system32\slc.dll
0x748d0000 - 0x748d5000 	C:\Windows\System32\wshtcpip.dll
0x74870000 - 0x748b4000 	C:\Windows\system32\DNSAPI.dll
0x73170000 - 0x7318c000 	C:\Windows\system32\IPHLPAPI.DLL
0x73160000 - 0x73167000 	C:\Windows\system32\WINNSI.DLL
0x74860000 - 0x74866000 	C:\Windows\system32\rasadhlp.dll
0x6fdf0000 - 0x6fe28000 	C:\Windows\System32\fwpuclnt.dll
0x19b80000 - 0x19ba2000 	C:\Users\User\Documents\NetBeansProjects\DrivingSchoolManagementSystem\jflash.dll

VM Arguments:
jvm_args: -Dfile.encoding=UTF-8 
java_command: dsms.DrivingSchoolManagementSystem
Launcher Type: SUN_STANDARD

Environment Variables:
PATH=C:\Windows\system32;C:\Windows;C:\Windows\System32\Wbem;C:\Windows\System32\WindowsPowerShell\v1.0\;C:\Program Files (x86)\ATI Technologies\ATI.ACE\Core-Static;C:\Program Files (x86)\MySQL\MySQL Server 5.5\bin;C:\Program Files (x86)\Microsoft SQL Server\100\Tools\Binn\;C:\Program Files\Microsoft SQL Server\100\Tools\Binn\;C:\Program Files\Microsoft SQL Server\100\DTS\Binn\;C:\Program Files (x86)\Java\jdk1.7.0_01\bin\
USERNAME=User
OS=Windows_NT
PROCESSOR_IDENTIFIER=Intel64 Family 6 Model 58 Stepping 9, GenuineIntel



---------------  S Y S T E M  ---------------

OS: Windows 7 , 64 bit Build 7601 Service Pack 1

CPU:total 4 (2 cores per cpu, 2 threads per core) family 6 model 58 stepping 9, cmov, cx8, fxsr, mmx, sse, sse2, sse3, ssse3, sse4.1, sse4.2, popcnt, ht

Memory: 4k page, physical 4066668k(1594680k free), swap 8131476k(4778016k free)

vm_info: Java HotSpot(TM) Client VM (21.1-b02) for windows-x86 JRE (1.7.0_01-b08), built on Oct  3 2011 02:11:36 by "java_re" with unknown MS VC++:1600

time: Thu Oct 10 15:42:40 2013
elapsed time: 29 seconds

