#
# A fatal error has been detected by the Java Runtime Environment:
#
#  EXCEPTION_ACCESS_VIOLATION (0xc0000005) at pc=0x676b1210, pid=7084, tid=6356
#
# JRE version: 7.0_01-b08
# Java VM: Java HotSpot(TM) Client VM (21.1-b02 mixed mode windows-x86 )
# Problematic frame:
# V  [jvm.dll+0xa1210]
#
# Failed to write core dump. Minidumps are not enabled by default on client versions of Windows
#
# If you would like to submit a bug report, please visit:
#   http://bugreport.sun.com/bugreport/crash.jsp
#

---------------  T H R E A D  ---------------

Current thread (0x01fca800):  JavaThread "main" [_thread_in_vm, id=6356, stack(0x00290000,0x002e0000)]

siginfo: ExceptionCode=0xc0000005, reading address 0x00000000

Registers:
EAX=0x00000000, EBX=0x14668c78, ECX=0x00000000, EDX=0x01fca928
ESP=0x002de930, EBP=0x002de974, ESI=0x00000001, EDI=0x01fca800
EIP=0x676b1210, EFLAGS=0x00010246

Top of Stack: (sp=0x002de930)
0x002de930:   01fca800 14668c78 0000000b 002de964
0x002de940:   67bc06c2 00000000 002dec14 002de9d0
0x002de950:   67bc07ba 67bce31b 002debe6 01fca800
0x002de960:   00000000 002debf4 67c2d26e 002debe8
0x002de970:   01fca800 002de994 1a188fe5 01fca928
0x002de980:   00000000 00000000 002de9b0 00000b5b
0x002de990:   01fca928 002df520 1a1862fc 00000000
0x002de9a0:   00000000 002de9b0 00000b5b 00000000 

Instructions: (pc=0x676b1210)
0x676b11f0:   8d 4d fc 89 46 0c e8 05 23 f6 ff 5f 33 c0 5e 8b
0x676b1200:   e5 5d c2 14 00 8b c1 8d 70 01 8d 9b 00 00 00 00
0x676b1210:   8a 10 40 84 d2 75 f9 53 2b c6 57 50 51 e8 5e 58
0x676b1220:   f8 ff 8b b7 a4 00 00 00 8b 4e 08 8b 56 0c 8b 5e 


Register to memory mapping:

EAX=0x00000000 is an unknown value
EBX=0x14668c78 is an oop
{method} 
 - klass: {other class}
ECX=0x00000000 is an unknown value
EDX=0x01fca928 is an unknown value
ESP=0x002de930 is pointing into the stack for thread: 0x01fca800
EBP=0x002de974 is pointing into the stack for thread: 0x01fca800
ESI=0x00000001 is an unknown value
EDI=0x01fca800 is a thread


Stack: [0x00290000,0x002e0000],  sp=0x002de930,  free space=314k
Native frames: (J=compiled Java code, j=interpreted, Vv=VM code, C=native code)
V  [jvm.dll+0xa1210]
C  [jflash.dll+0x8fe5]  Java_com_jpackages_jflashplayer_FlashPanel_defineClass+0x285
C  [jflash.dll+0x62fc]
C  [jflash.dll+0x632f]
C  [jflash.dll+0x8c10]  Java_com_jpackages_jflashplayer_FlashPanel_isValidKeyJNI+0x10
j  com.jpackages.jflashplayer.FlashPanel.isValidKeyJNI(Ljava/lang/String;)Z+0
j  com.jpackages.jflashplayer.FlashPanel.a(Ljava/lang/String;)Z+1
j  com.jpackages.jflashplayer.FlashPanel.b(Ljava/lang/String;Z)I+37
j  com.jpackages.jflashplayer.FlashPanel.a(Ljava/lang/String;Z)V+3
j  com.jpackages.jflashplayer.FlashPanel.<init>(Ljava/io/File;)V+238
j  dsms.views.Start1.<init>()V+48
j  dsms.DrivingSchoolManagementSystem.main([Ljava/lang/String;)V+35
v  ~StubRoutines::call_stub
V  [jvm.dll+0x122c7e]
V  [jvm.dll+0x1c9c0e]
V  [jvm.dll+0x122d0d]
V  [jvm.dll+0xa77e4]
V  [jvm.dll+0xb1b77]
C  [java.exe+0x1fd3]
C  [java.exe+0xa0ab]
C  [java.exe+0xa135]
C  [KERNEL32.dll+0x1336a]  BaseThreadInitThunk+0x12
C  [ntdll.dll+0x39f72]  RtlInitializeExceptionChain+0x63
C  [ntdll.dll+0x39f45]  RtlInitializeExceptionChain+0x36

Java frames: (J=compiled Java code, j=interpreted, Vv=VM code)
j  com.jpackages.jflashplayer.FlashPanel.isValidKeyJNI(Ljava/lang/String;)Z+0
j  com.jpackages.jflashplayer.FlashPanel.a(Ljava/lang/String;)Z+1
j  com.jpackages.jflashplayer.FlashPanel.b(Ljava/lang/String;Z)I+37
j  com.jpackages.jflashplayer.FlashPanel.a(Ljava/lang/String;Z)V+3
j  com.jpackages.jflashplayer.FlashPanel.<init>(Ljava/io/File;)V+238
j  dsms.views.Start1.<init>()V+48
j  dsms.DrivingSchoolManagementSystem.main([Ljava/lang/String;)V+35
v  ~StubRoutines::call_stub

---------------  P R O C E S S  ---------------

Java Threads: ( => current thread )
  0x18cc5400 JavaThread "Image Fetcher 1" daemon [_thread_blocked, id=4784, stack(0x19bb0000,0x19c00000)]
  0x18c80400 JavaThread "Image Fetcher 0" daemon [_thread_blocked, id=5044, stack(0x19890000,0x198e0000)]
  0x18b6c000 JavaThread "AWT-EventQueue-0" [_thread_blocked, id=1184, stack(0x19230000,0x19280000)]
  0x183a0400 JavaThread "AWT-Windows" daemon [_thread_in_native, id=6664, stack(0x191b0000,0x19200000)]
  0x1839fc00 JavaThread "AWT-Shutdown" [_thread_blocked, id=5844, stack(0x19100000,0x19150000)]
  0x1834a400 JavaThread "Java2D Disposer" daemon [_thread_blocked, id=5428, stack(0x18f10000,0x18f60000)]
  0x18237400 JavaThread "Service Thread" daemon [_thread_blocked, id=3512, stack(0x187b0000,0x18800000)]
  0x18228400 JavaThread "C1 CompilerThread0" daemon [_thread_blocked, id=6448, stack(0x186f0000,0x18740000)]
  0x18227000 JavaThread "Attach Listener" daemon [_thread_blocked, id=6652, stack(0x185f0000,0x18640000)]
  0x18224000 JavaThread "Signal Dispatcher" daemon [_thread_blocked, id=6768, stack(0x183c0000,0x18410000)]
  0x181cc000 JavaThread "Finalizer" daemon [_thread_blocked, id=6620, stack(0x18680000,0x186d0000)]
  0x181c7000 JavaThread "Reference Handler" daemon [_thread_blocked, id=6896, stack(0x18460000,0x184b0000)]
=>0x01fca800 JavaThread "main" [_thread_in_vm, id=6356, stack(0x00290000,0x002e0000)]

Other Threads:
  0x181c1c00 VMThread [stack: 0x020f0000,0x02140000] [id=6568]
  0x18249800 WatcherThread [stack: 0x18a80000,0x18ad0000] [id=6804]

VM state:not at safepoint (normal execution)

VM Mutex/Monitor currently owned by a thread: None

Heap
 def new generation   total 4928K, used 4869K [0x041c0000, 0x04710000, 0x09710000)
  eden space 4416K,  98% used [0x041c0000, 0x04601738, 0x04610000)
  from space 512K, 100% used [0x04690000, 0x04710000, 0x04710000)
  to   space 512K,   0% used [0x04610000, 0x04610000, 0x04690000)
 tenured generation   total 10944K, used 4099K [0x09710000, 0x0a1c0000, 0x141c0000)
   the space 10944K,  37% used [0x09710000, 0x09b10d38, 0x09b10e00, 0x0a1c0000)
 compacting perm gen  total 12288K, used 10610K [0x141c0000, 0x14dc0000, 0x181c0000)
   the space 12288K,  86% used [0x141c0000, 0x14c1c850, 0x14c1ca00, 0x14dc0000)
No shared spaces configured.

Code Cache  [0x021c0000, 0x022a8000, 0x041c0000)
 total_blobs=536 nmethods=302 adapters=167 free_code_cache=31867Kb largest_free_block=32631872

Dynamic libraries:
0x002e0000 - 0x0030e000 	C:\Program Files (x86)\Java\jdk1.7.0_01\bin\java.exe
0x771d0000 - 0x77350000 	C:\Windows\SysWOW64\ntdll.dll
0x737b0000 - 0x737ef000 	C:\Program Files\AVAST Software\Avast\snxhk.dll
0x74cf0000 - 0x74e00000 	C:\Windows\syswow64\KERNEL32.dll
0x75f80000 - 0x75fc7000 	C:\Windows\syswow64\KERNELBASE.dll
0x762c0000 - 0x76360000 	C:\Windows\syswow64\ADVAPI32.dll
0x760d0000 - 0x7617c000 	C:\Windows\syswow64\msvcrt.dll
0x76720000 - 0x76739000 	C:\Windows\SysWOW64\sechost.dll
0x76900000 - 0x769f0000 	C:\Windows\syswow64\RPCRT4.dll
0x74c20000 - 0x74c80000 	C:\Windows\syswow64\SspiCli.dll
0x74c10000 - 0x74c1c000 	C:\Windows\syswow64\CRYPTBASE.dll
0x76620000 - 0x76720000 	C:\Windows\syswow64\USER32.dll
0x76590000 - 0x76620000 	C:\Windows\syswow64\GDI32.dll
0x74f00000 - 0x74f0a000 	C:\Windows\syswow64\LPK.dll
0x76b30000 - 0x76bcd000 	C:\Windows\syswow64\USP10.dll
0x71020000 - 0x711be000 	C:\Windows\WinSxS\x86_microsoft.windows.common-controls_6595b64144ccf1df_6.0.7601.17514_none_41e6975e2bd6f2b2\COMCTL32.dll
0x75fe0000 - 0x76037000 	C:\Windows\syswow64\SHLWAPI.dll
0x74c80000 - 0x74ce0000 	C:\Windows\system32\IMM32.DLL
0x74e30000 - 0x74efc000 	C:\Windows\syswow64\MSCTF.dll
0x67bb0000 - 0x67c6e000 	C:\Program Files (x86)\Java\jdk1.7.0_01\jre\bin\msvcr100.dll
0x67610000 - 0x67931000 	C:\Program Files (x86)\Java\jdk1.7.0_01\jre\bin\client\jvm.dll
0x72ef0000 - 0x72ef7000 	C:\Windows\system32\WSOCK32.dll
0x76550000 - 0x76585000 	C:\Windows\syswow64\WS2_32.dll
0x75bf0000 - 0x75bf6000 	C:\Windows\syswow64\NSI.dll
0x707f0000 - 0x70822000 	C:\Windows\system32\WINMM.dll
0x74ce0000 - 0x74ce5000 	C:\Windows\syswow64\PSAPI.DLL
0x6d450000 - 0x6d45c000 	C:\Program Files (x86)\Java\jdk1.7.0_01\jre\bin\verify.dll
0x67b60000 - 0x67b80000 	C:\Program Files (x86)\Java\jdk1.7.0_01\jre\bin\java.dll
0x67b40000 - 0x67b53000 	C:\Program Files (x86)\Java\jdk1.7.0_01\jre\bin\zip.dll
0x679c0000 - 0x67b02000 	C:\Program Files (x86)\Java\jdk1.7.0_01\jre\bin\awt.dll
0x75dd0000 - 0x75e5f000 	C:\Windows\syswow64\OLEAUT32.dll
0x75c10000 - 0x75d6c000 	C:\Windows\syswow64\ole32.dll
0x70650000 - 0x706d0000 	C:\Windows\system32\uxtheme.dll
0x700e0000 - 0x700f3000 	C:\Windows\system32\dwmapi.dll
0x74fa0000 - 0x75bea000 	C:\Windows\syswow64\SHELL32.dll
0x67b20000 - 0x67b34000 	C:\Program Files (x86)\Java\jdk1.7.0_01\jre\bin\net.dll
0x72000000 - 0x7203c000 	C:\Windows\system32\mswsock.dll
0x71fe0000 - 0x71fe6000 	C:\Windows\System32\wship6.dll
0x67b10000 - 0x67b1f000 	C:\Program Files (x86)\Java\jdk1.7.0_01\jre\bin\nio.dll
0x674a0000 - 0x674c5000 	C:\Program Files (x86)\Java\jdk1.7.0_01\jre\bin\jpeg.dll
0x67990000 - 0x679ba000 	C:\Program Files (x86)\Java\jdk1.7.0_01\jre\bin\fontmanager.dll
0x769f0000 - 0x76a73000 	C:\Windows\syswow64\CLBCatQ.DLL
0x74700000 - 0x74830000 	C:\Windows\system32\WindowsCodecs.dll
0x72e80000 - 0x72ecc000 	C:\Windows\system32\apphelp.dll
0x74460000 - 0x74491000 	C:\Windows\system32\EhStorShell.dll
0x76360000 - 0x764fd000 	C:\Windows\syswow64\SETUPAPI.dll
0x75da0000 - 0x75dc7000 	C:\Windows\syswow64\CFGMGR32.dll
0x74f80000 - 0x74f92000 	C:\Windows\syswow64\DEVOBJ.dll
0x74970000 - 0x74a65000 	C:\Windows\system32\PROPSYS.dll
0x661c0000 - 0x663dd000 	C:\PROGRA~2\MICROS~1\Office12\GR469A~1.DLL
0x68ef0000 - 0x68fe1000 	C:\PROGRA~2\MICROS~1\Office12\GrooveUtil.DLL
0x76740000 - 0x768f8000 	C:\Windows\syswow64\WININET.dll
0x74e10000 - 0x74e14000 	C:\Windows\syswow64\api-ms-win-downlevel-user32-l1-1-0.dll
0x76180000 - 0x76185000 	C:\Windows\syswow64\api-ms-win-downlevel-advapi32-l1-1-0.dll
0x771a0000 - 0x771a4000 	C:\Windows\syswow64\api-ms-win-downlevel-shlwapi-l1-1-0.dll
0x74e00000 - 0x74e04000 	C:\Windows\syswow64\api-ms-win-downlevel-version-l1-1-0.dll
0x72ee0000 - 0x72ee9000 	C:\Windows\system32\version.DLL
0x75c00000 - 0x75c03000 	C:\Windows\syswow64\api-ms-win-downlevel-normaliz-l1-1-0.dll
0x74f70000 - 0x74f73000 	C:\Windows\syswow64\normaliz.DLL
0x76bd0000 - 0x76dc8000 	C:\Windows\syswow64\iertutil.dll
0x75e60000 - 0x75f80000 	C:\Windows\syswow64\CRYPT32.dll
0x75fd0000 - 0x75fdc000 	C:\Windows\syswow64\MSASN1.dll
0x720b0000 - 0x7214b000 	C:\Windows\WinSxS\x86_microsoft.vc80.crt_1fc8b3b9a1e18e3b_8.0.50727.6195_none_d09154e044272b9a\MSVCR80.dll
0x68ff0000 - 0x68ff7000 	C:\PROGRA~2\MICROS~1\Office12\GrooveNew.DLL
0x73e40000 - 0x73e5b000 	C:\Windows\WinSxS\x86_microsoft.vc80.atl_1fc8b3b9a1e18e3b_8.0.50727.6195_none_d1cb102c435421de\ATL80.DLL
0x74870000 - 0x74886000 	C:\Windows\system32\CRYPTSP.dll
0x74830000 - 0x7486b000 	C:\Windows\system32\rsaenh.dll
0x70730000 - 0x70735000 	C:\Windows\system32\MSImg32.dll
0x73af0000 - 0x73b60000 	C:\Windows\system32\ntshrui.dll
0x71000000 - 0x71019000 	C:\Windows\system32\srvcli.dll
0x73bc0000 - 0x73bcb000 	C:\Windows\system32\cscapi.dll
0x73b90000 - 0x73b9a000 	C:\Windows\system32\slc.dll
0x67950000 - 0x67981000 	C:\Program Files (x86)\Java\jdk1.7.0_01\jre\bin\t2k.dll
0x71ff0000 - 0x71ff5000 	C:\Windows\System32\wshtcpip.dll
0x71f90000 - 0x71fd4000 	C:\Windows\system32\DNSAPI.dll
0x728d0000 - 0x728ec000 	C:\Windows\system32\IPHLPAPI.DLL
0x728c0000 - 0x728c7000 	C:\Windows\system32\WINNSI.DLL
0x74b10000 - 0x74b16000 	C:\Windows\system32\rasadhlp.dll
0x73930000 - 0x73968000 	C:\Windows\System32\fwpuclnt.dll
0x1a180000 - 0x1a1a2000 	C:\Users\User\Documents\NetBeansProjects\DrivingSchoolManagementSystem\jflash.dll

VM Arguments:
jvm_args: -Dfile.encoding=UTF-8 
java_command: dsms.DrivingSchoolManagementSystem
Launcher Type: SUN_STANDARD

Environment Variables:
PATH=C:\Windows\system32;C:\Windows;C:\Windows\System32\Wbem;C:\Windows\System32\WindowsPowerShell\v1.0\;C:\Program Files (x86)\ATI Technologies\ATI.ACE\Core-Static;C:\Program Files (x86)\MySQL\MySQL Server 5.5\bin;C:\Program Files (x86)\Microsoft SQL Server\100\Tools\Binn\;C:\Program Files\Microsoft SQL Server\100\Tools\Binn\;C:\Program Files\Microsoft SQL Server\100\DTS\Binn\;C:\Program Files (x86)\Java\jdk1.7.0_01\bin\
USERNAME=User
OS=Windows_NT
PROCESSOR_IDENTIFIER=Intel64 Family 6 Model 58 Stepping 9, GenuineIntel



---------------  S Y S T E M  ---------------

OS: Windows 7 , 64 bit Build 7601 Service Pack 1

CPU:total 4 (2 cores per cpu, 2 threads per core) family 6 model 58 stepping 9, cmov, cx8, fxsr, mmx, sse, sse2, sse3, ssse3, sse4.1, sse4.2, popcnt, ht

Memory: 4k page, physical 4066668k(1426272k free), swap 8131476k(5008904k free)

vm_info: Java HotSpot(TM) Client VM (21.1-b02) for windows-x86 JRE (1.7.0_01-b08), built on Oct  3 2011 02:11:36 by "java_re" with unknown MS VC++:1600

time: Fri Oct 04 09:44:29 2013
elapsed time: 6 seconds

