#
# A fatal error has been detected by the Java Runtime Environment:
#
#  EXCEPTION_ACCESS_VIOLATION (0xc0000005) at pc=0x69a61210, pid=5164, tid=5356
#
# JRE version: 7.0_01-b08
# Java VM: Java HotSpot(TM) Client VM (21.1-b02 mixed mode windows-x86 )
# Problematic frame:
# V  [jvm.dll+0xa1210]
#
# Failed to write core dump. Minidumps are not enabled by default on client versions of Windows
#
# If you would like to submit a bug report, please visit:
#   http://bugreport.sun.com/bugreport/crash.jsp
#

---------------  T H R E A D  ---------------

Current thread (0x005ac000):  JavaThread "main" [_thread_in_vm, id=5356, stack(0x01e80000,0x01ed0000)]

siginfo: ExceptionCode=0xc0000005, reading address 0x00000000

Registers:
EAX=0x00000000, EBX=0x14478680, ECX=0x00000000, EDX=0x005ac128
ESP=0x01ecef00, EBP=0x01ecef44, ESI=0x00000001, EDI=0x005ac000
EIP=0x69a61210, EFLAGS=0x00010246

Top of Stack: (sp=0x01ecef00)
0x01ecef00:   005ac000 14478680 0000000b 01ecef34
0x01ecef10:   6d9006c2 00000000 01ecf1e4 01ecefa0
0x01ecef20:   6d9007ba 6d90e31b 01ecf1b6 005ac000
0x01ecef30:   00000000 01ecf1c4 6d96d26e 01ecf1b8
0x01ecef40:   005ac000 01ecef64 19fc8fe5 005ac128
0x01ecef50:   00000000 00000000 01ecef80 00000b5b
0x01ecef60:   005ac128 01ecfaf0 19fc62fc 00000000
0x01ecef70:   00000000 01ecef80 00000b5b 00000000 

Instructions: (pc=0x69a61210)
0x69a611f0:   8d 4d fc 89 46 0c e8 05 23 f6 ff 5f 33 c0 5e 8b
0x69a61200:   e5 5d c2 14 00 8b c1 8d 70 01 8d 9b 00 00 00 00
0x69a61210:   8a 10 40 84 d2 75 f9 53 2b c6 57 50 51 e8 5e 58
0x69a61220:   f8 ff 8b b7 a4 00 00 00 8b 4e 08 8b 56 0c 8b 5e 


Register to memory mapping:

EAX=0x00000000 is an unknown value
EBX=0x14478680 is an oop
{method} 
 - klass: {other class}
ECX=0x00000000 is an unknown value
EDX=0x005ac128 is an unknown value
ESP=0x01ecef00 is pointing into the stack for thread: 0x005ac000
EBP=0x01ecef44 is pointing into the stack for thread: 0x005ac000
ESI=0x00000001 is an unknown value
EDI=0x005ac000 is a thread


Stack: [0x01e80000,0x01ed0000],  sp=0x01ecef00,  free space=315k
Native frames: (J=compiled Java code, j=interpreted, Vv=VM code, C=native code)
V  [jvm.dll+0xa1210]
C  [jflash.dll+0x8fe5]  Java_com_jpackages_jflashplayer_FlashPanel_defineClass+0x285
C  [jflash.dll+0x62fc]
C  [jflash.dll+0x632f]
C  [jflash.dll+0x8c10]  Java_com_jpackages_jflashplayer_FlashPanel_isValidKeyJNI+0x10
j  com.jpackages.jflashplayer.FlashPanel.isValidKeyJNI(Ljava/lang/String;)Z+0
j  com.jpackages.jflashplayer.FlashPanel.a(Ljava/lang/String;)Z+1
j  com.jpackages.jflashplayer.FlashPanel.b(Ljava/lang/String;Z)I+37
j  com.jpackages.jflashplayer.FlashPanel.a(Ljava/lang/String;Z)V+3
j  com.jpackages.jflashplayer.FlashPanel.<init>(Ljava/io/File;)V+238
j  dsms.views.Start1.<init>()V+96
j  dsms.DrivingSchoolManagementSystem.main([Ljava/lang/String;)V+35
v  ~StubRoutines::call_stub
V  [jvm.dll+0x122c7e]
V  [jvm.dll+0x1c9c0e]
V  [jvm.dll+0x122d0d]
V  [jvm.dll+0xa77e4]
V  [jvm.dll+0xb1b77]
C  [java.exe+0x1fd3]
C  [java.exe+0xa0ab]
C  [java.exe+0xa135]
C  [KERNEL32.dll+0x1336a]  BaseThreadInitThunk+0x12
C  [ntdll.dll+0x39f72]  RtlInitializeExceptionChain+0x63
C  [ntdll.dll+0x39f45]  RtlInitializeExceptionChain+0x36

Java frames: (J=compiled Java code, j=interpreted, Vv=VM code)
j  com.jpackages.jflashplayer.FlashPanel.isValidKeyJNI(Ljava/lang/String;)Z+0
j  com.jpackages.jflashplayer.FlashPanel.a(Ljava/lang/String;)Z+1
j  com.jpackages.jflashplayer.FlashPanel.b(Ljava/lang/String;Z)I+37
j  com.jpackages.jflashplayer.FlashPanel.a(Ljava/lang/String;Z)V+3
j  com.jpackages.jflashplayer.FlashPanel.<init>(Ljava/io/File;)V+238
j  dsms.views.Start1.<init>()V+96
j  dsms.DrivingSchoolManagementSystem.main([Ljava/lang/String;)V+35
v  ~StubRoutines::call_stub

---------------  P R O C E S S  ---------------

Java Threads: ( => current thread )
  0x18bef400 JavaThread "AWT-EventQueue-0" [_thread_blocked, id=4940, stack(0x190b0000,0x19100000)]
  0x18aabc00 JavaThread "AWT-Windows" daemon [_thread_in_native, id=5504, stack(0x19160000,0x191b0000)]
  0x18aab400 JavaThread "AWT-Shutdown" [_thread_blocked, id=1632, stack(0x19060000,0x190b0000)]
  0x18abbc00 JavaThread "Java2D Disposer" daemon [_thread_blocked, id=5556, stack(0x18f30000,0x18f80000)]
  0x180f4400 JavaThread "Service Thread" daemon [_thread_blocked, id=3784, stack(0x18650000,0x186a0000)]
  0x180e9c00 JavaThread "C1 CompilerThread0" daemon [_thread_blocked, id=4800, stack(0x18970000,0x189c0000)]
  0x180e8800 JavaThread "Attach Listener" daemon [_thread_blocked, id=5564, stack(0x18800000,0x18850000)]
  0x180e5800 JavaThread "Signal Dispatcher" daemon [_thread_blocked, id=5180, stack(0x183f0000,0x18440000)]
  0x1808a400 JavaThread "Finalizer" daemon [_thread_blocked, id=5560, stack(0x186b0000,0x18700000)]
  0x18088c00 JavaThread "Reference Handler" daemon [_thread_blocked, id=4808, stack(0x18490000,0x184e0000)]
=>0x005ac000 JavaThread "main" [_thread_in_vm, id=5356, stack(0x01e80000,0x01ed0000)]

Other Threads:
  0x18083400 VMThread [stack: 0x18320000,0x18370000] [id=3396]
  0x1810ec00 WatcherThread [stack: 0x185e0000,0x18630000] [id=3480]

VM state:not at safepoint (normal execution)

VM Mutex/Monitor currently owned by a thread: None

Heap
 def new generation   total 4928K, used 2421K [0x03fd0000, 0x04520000, 0x09520000)
  eden space 4416K,  43% used [0x03fd0000, 0x041ad7a8, 0x04420000)
  from space 512K, 100% used [0x04420000, 0x044a0000, 0x044a0000)
  to   space 512K,   0% used [0x044a0000, 0x044a0000, 0x04520000)
 tenured generation   total 10944K, used 5004K [0x09520000, 0x09fd0000, 0x13fd0000)
   the space 10944K,  45% used [0x09520000, 0x09a031a0, 0x09a03200, 0x09fd0000)
 compacting perm gen  total 12288K, used 10662K [0x13fd0000, 0x14bd0000, 0x17fd0000)
   the space 12288K,  86% used [0x13fd0000, 0x14a398c0, 0x14a39a00, 0x14bd0000)
No shared spaces configured.

Code Cache  [0x01fd0000, 0x020c0000, 0x03fd0000)
 total_blobs=557 nmethods=323 adapters=167 free_code_cache=31839Kb largest_free_block=32603584

Dynamic libraries:
0x000b0000 - 0x000de000 	C:\Program Files (x86)\Java\jdk1.7.0_01\bin\java.exe
0x77020000 - 0x771a0000 	C:\Windows\SysWOW64\ntdll.dll
0x73d50000 - 0x73d8f000 	C:\Program Files\AVAST Software\Avast\snxhk.dll
0x76740000 - 0x76850000 	C:\Windows\syswow64\KERNEL32.dll
0x76b60000 - 0x76ba7000 	C:\Windows\syswow64\KERNELBASE.dll
0x763a0000 - 0x76440000 	C:\Windows\syswow64\ADVAPI32.dll
0x74ad0000 - 0x74b7c000 	C:\Windows\syswow64\msvcrt.dll
0x75aa0000 - 0x75ab9000 	C:\Windows\SysWOW64\sechost.dll
0x768e0000 - 0x769d0000 	C:\Windows\syswow64\RPCRT4.dll
0x74a70000 - 0x74ad0000 	C:\Windows\syswow64\SspiCli.dll
0x74a60000 - 0x74a6c000 	C:\Windows\syswow64\CRYPTBASE.dll
0x74d50000 - 0x74e50000 	C:\Windows\syswow64\USER32.dll
0x769f0000 - 0x76a80000 	C:\Windows\syswow64\GDI32.dll
0x76720000 - 0x7672a000 	C:\Windows\syswow64\LPK.dll
0x76130000 - 0x761cd000 	C:\Windows\syswow64\USP10.dll
0x70e40000 - 0x70fde000 	C:\Windows\WinSxS\x86_microsoft.windows.common-controls_6595b64144ccf1df_6.0.7601.17514_none_41e6975e2bd6f2b2\COMCTL32.dll
0x76bb0000 - 0x76c07000 	C:\Windows\syswow64\SHLWAPI.dll
0x76500000 - 0x76560000 	C:\Windows\system32\IMM32.DLL
0x75ea0000 - 0x75f6c000 	C:\Windows\syswow64\MSCTF.dll
0x6d8f0000 - 0x6d9ae000 	C:\Program Files (x86)\Java\jdk1.7.0_01\jre\bin\msvcr100.dll
0x699c0000 - 0x69ce1000 	C:\Program Files (x86)\Java\jdk1.7.0_01\jre\bin\client\jvm.dll
0x72d40000 - 0x72d47000 	C:\Windows\system32\WSOCK32.dll
0x75ac0000 - 0x75af5000 	C:\Windows\syswow64\WS2_32.dll
0x769e0000 - 0x769e6000 	C:\Windows\syswow64\NSI.dll
0x73d90000 - 0x73dc2000 	C:\Windows\system32\WINMM.dll
0x76110000 - 0x76115000 	C:\Windows\syswow64\PSAPI.DLL
0x6d8b0000 - 0x6d8bc000 	C:\Program Files (x86)\Java\jdk1.7.0_01\jre\bin\verify.dll
0x6d890000 - 0x6d8b0000 	C:\Program Files (x86)\Java\jdk1.7.0_01\jre\bin\java.dll
0x6d870000 - 0x6d883000 	C:\Program Files (x86)\Java\jdk1.7.0_01\jre\bin\zip.dll
0x6d6f0000 - 0x6d832000 	C:\Program Files (x86)\Java\jdk1.7.0_01\jre\bin\awt.dll
0x76850000 - 0x768df000 	C:\Windows\syswow64\OLEAUT32.dll
0x75d30000 - 0x75e8c000 	C:\Windows\syswow64\ole32.dll
0x71dd0000 - 0x71e50000 	C:\Windows\system32\uxtheme.dll
0x71db0000 - 0x71dc3000 	C:\Windows\system32\dwmapi.dll
0x74e50000 - 0x75a9a000 	C:\Windows\syswow64\SHELL32.dll
0x6d850000 - 0x6d864000 	C:\Program Files (x86)\Java\jdk1.7.0_01\jre\bin\net.dll
0x707a0000 - 0x707dc000 	C:\Windows\system32\mswsock.dll
0x70780000 - 0x70786000 	C:\Windows\System32\wship6.dll
0x6d840000 - 0x6d84f000 	C:\Program Files (x86)\Java\jdk1.7.0_01\jre\bin\nio.dll
0x658c0000 - 0x658e5000 	C:\Program Files (x86)\Java\jdk1.7.0_01\jre\bin\jpeg.dll
0x6d6c0000 - 0x6d6ea000 	C:\Program Files (x86)\Java\jdk1.7.0_01\jre\bin\fontmanager.dll
0x74b80000 - 0x74c03000 	C:\Windows\syswow64\CLBCatQ.DLL
0x74130000 - 0x74260000 	C:\Windows\system32\WindowsCodecs.dll
0x72cd0000 - 0x72d1c000 	C:\Windows\system32\apphelp.dll
0x74090000 - 0x740c1000 	C:\Windows\system32\EhStorShell.dll
0x761d0000 - 0x7636d000 	C:\Windows\syswow64\SETUPAPI.dll
0x76440000 - 0x76467000 	C:\Windows\syswow64\CFGMGR32.dll
0x74d30000 - 0x74d42000 	C:\Windows\syswow64\DEVOBJ.dll
0x74800000 - 0x748f5000 	C:\Windows\system32\PROPSYS.dll
0x661c0000 - 0x663dd000 	C:\PROGRA~2\MICROS~1\Office12\GR469A~1.DLL
0x68ef0000 - 0x68fe1000 	C:\PROGRA~2\MICROS~1\Office12\GrooveUtil.DLL
0x76560000 - 0x76718000 	C:\Windows\syswow64\WININET.dll
0x76730000 - 0x76734000 	C:\Windows\syswow64\api-ms-win-downlevel-user32-l1-1-0.dll
0x76c10000 - 0x76c15000 	C:\Windows\syswow64\api-ms-win-downlevel-advapi32-l1-1-0.dll
0x75f70000 - 0x75f74000 	C:\Windows\syswow64\api-ms-win-downlevel-shlwapi-l1-1-0.dll
0x75fd0000 - 0x75fd4000 	C:\Windows\syswow64\api-ms-win-downlevel-version-l1-1-0.dll
0x72d30000 - 0x72d39000 	C:\Windows\system32\version.DLL
0x76120000 - 0x76123000 	C:\Windows\syswow64\api-ms-win-downlevel-normaliz-l1-1-0.dll
0x769d0000 - 0x769d3000 	C:\Windows\syswow64\normaliz.DLL
0x75b00000 - 0x75cf8000 	C:\Windows\syswow64\iertutil.dll
0x74c10000 - 0x74d30000 	C:\Windows\syswow64\CRYPT32.dll
0x75e90000 - 0x75e9c000 	C:\Windows\syswow64\MSASN1.dll
0x71f00000 - 0x71f9b000 	C:\Windows\WinSxS\x86_microsoft.vc80.crt_1fc8b3b9a1e18e3b_8.0.50727.6195_none_d09154e044272b9a\MSVCR80.dll
0x68ff0000 - 0x68ff7000 	C:\PROGRA~2\MICROS~1\Office12\GrooveNew.DLL
0x73ce0000 - 0x73cfb000 	C:\Windows\WinSxS\x86_microsoft.vc80.atl_1fc8b3b9a1e18e3b_8.0.50727.6195_none_d1cb102c435421de\ATL80.DLL
0x74700000 - 0x74716000 	C:\Windows\system32\CRYPTSP.dll
0x746c0000 - 0x746fb000 	C:\Windows\system32\rsaenh.dll
0x71e50000 - 0x71e55000 	C:\Windows\system32\MSImg32.dll
0x73b70000 - 0x73be0000 	C:\Windows\system32\ntshrui.dll
0x71020000 - 0x71039000 	C:\Windows\system32\srvcli.dll
0x73c40000 - 0x73c4b000 	C:\Windows\system32\cscapi.dll
0x73c30000 - 0x73c3a000 	C:\Windows\system32\slc.dll
0x6d680000 - 0x6d6b1000 	C:\Program Files (x86)\Java\jdk1.7.0_01\jre\bin\t2k.dll
0x70790000 - 0x70795000 	C:\Windows\System32\wshtcpip.dll
0x70730000 - 0x70774000 	C:\Windows\system32\DNSAPI.dll
0x72720000 - 0x7273c000 	C:\Windows\system32\IPHLPAPI.DLL
0x72710000 - 0x72717000 	C:\Windows\system32\WINNSI.DLL
0x70720000 - 0x70726000 	C:\Windows\system32\rasadhlp.dll
0x706b0000 - 0x706e8000 	C:\Windows\System32\fwpuclnt.dll
0x19fc0000 - 0x19fe2000 	C:\Users\User\Documents\NetBeansProjects\DrivingSchoolManagementSystem\jflash.dll

VM Arguments:
jvm_args: -Dfile.encoding=UTF-8 
java_command: dsms.DrivingSchoolManagementSystem
Launcher Type: SUN_STANDARD

Environment Variables:
PATH=C:\Windows\system32;C:\Windows;C:\Windows\System32\Wbem;C:\Windows\System32\WindowsPowerShell\v1.0\;C:\Program Files (x86)\ATI Technologies\ATI.ACE\Core-Static;C:\Program Files (x86)\MySQL\MySQL Server 5.5\bin;C:\Program Files (x86)\Microsoft SQL Server\100\Tools\Binn\;C:\Program Files\Microsoft SQL Server\100\Tools\Binn\;C:\Program Files\Microsoft SQL Server\100\DTS\Binn\;C:\Program Files (x86)\Java\jdk1.7.0_01\bin\
USERNAME=User
OS=Windows_NT
PROCESSOR_IDENTIFIER=Intel64 Family 6 Model 58 Stepping 9, GenuineIntel



---------------  S Y S T E M  ---------------

OS: Windows 7 , 64 bit Build 7601 Service Pack 1

CPU:total 4 (2 cores per cpu, 2 threads per core) family 6 model 58 stepping 9, cmov, cx8, fxsr, mmx, sse, sse2, sse3, ssse3, sse4.1, sse4.2, popcnt, ht

Memory: 4k page, physical 4066668k(1587868k free), swap 8131476k(5296004k free)

vm_info: Java HotSpot(TM) Client VM (21.1-b02) for windows-x86 JRE (1.7.0_01-b08), built on Oct  3 2011 02:11:36 by "java_re" with unknown MS VC++:1600

time: Mon Oct 07 20:26:51 2013
elapsed time: 6 seconds

