#
# A fatal error has been detected by the Java Runtime Environment:
#
#  EXCEPTION_ACCESS_VIOLATION (0xc0000005) at pc=0x6d9d1210, pid=7320, tid=7336
#
# JRE version: 7.0_01-b08
# Java VM: Java HotSpot(TM) Client VM (21.1-b02 mixed mode windows-x86 )
# Problematic frame:
# V  [jvm.dll+0xa1210]
#
# Failed to write core dump. Minidumps are not enabled by default on client versions of Windows
#
# If you would like to submit a bug report, please visit:
#   http://bugreport.sun.com/bugreport/crash.jsp
#

---------------  T H R E A D  ---------------

Current thread (0x0095c000):  JavaThread "main" [_thread_in_vm, id=7336, stack(0x003f0000,0x00440000)]

siginfo: ExceptionCode=0xc0000005, reading address 0x00000000

Registers:
EAX=0x00000000, EBX=0x14558610, ECX=0x00000000, EDX=0x0095c128
ESP=0x0043ee40, EBP=0x0043ee84, ESI=0x00000001, EDI=0x0095c000
EIP=0x6d9d1210, EFLAGS=0x00010246

Top of Stack: (sp=0x0043ee40)
0x0043ee40:   0095c000 14558610 0000000b 0043ee74
0x0043ee50:   6ec406c2 00000000 0043f124 0043eee0
0x0043ee60:   6ec407ba 6ec4e31b 0043f0f6 0095c000
0x0043ee70:   00000000 0043f104 6ecad26e 0043f0f8
0x0043ee80:   0095c000 0043eea4 1a308fe5 0095c128
0x0043ee90:   00000000 00000000 0043eec0 00000b5b
0x0043eea0:   0095c128 0043fa30 1a3062fc 00000000
0x0043eeb0:   00000000 0043eec0 00000b5b 00000000 

Instructions: (pc=0x6d9d1210)
0x6d9d11f0:   8d 4d fc 89 46 0c e8 05 23 f6 ff 5f 33 c0 5e 8b
0x6d9d1200:   e5 5d c2 14 00 8b c1 8d 70 01 8d 9b 00 00 00 00
0x6d9d1210:   8a 10 40 84 d2 75 f9 53 2b c6 57 50 51 e8 5e 58
0x6d9d1220:   f8 ff 8b b7 a4 00 00 00 8b 4e 08 8b 56 0c 8b 5e 


Register to memory mapping:

EAX=0x00000000 is an unknown value
EBX=0x14558610 is an oop
{method} 
 - klass: {other class}
ECX=0x00000000 is an unknown value
EDX=0x0095c128 is an unknown value
ESP=0x0043ee40 is pointing into the stack for thread: 0x0095c000
EBP=0x0043ee84 is pointing into the stack for thread: 0x0095c000
ESI=0x00000001 is an unknown value
EDI=0x0095c000 is a thread


Stack: [0x003f0000,0x00440000],  sp=0x0043ee40,  free space=315k
Native frames: (J=compiled Java code, j=interpreted, Vv=VM code, C=native code)
V  [jvm.dll+0xa1210]
C  [jflash.dll+0x8fe5]  Java_com_jpackages_jflashplayer_FlashPanel_defineClass+0x285
C  [jflash.dll+0x62fc]
C  [jflash.dll+0x632f]
C  [jflash.dll+0x8c10]  Java_com_jpackages_jflashplayer_FlashPanel_isValidKeyJNI+0x10
j  com.jpackages.jflashplayer.FlashPanel.isValidKeyJNI(Ljava/lang/String;)Z+0
j  com.jpackages.jflashplayer.FlashPanel.a(Ljava/lang/String;)Z+1
j  com.jpackages.jflashplayer.FlashPanel.b(Ljava/lang/String;Z)I+37
j  com.jpackages.jflashplayer.FlashPanel.a(Ljava/lang/String;Z)V+3
j  com.jpackages.jflashplayer.FlashPanel.<init>(Ljava/io/File;)V+238
j  dsms.views.Start1.<init>()V+94
j  dsms.DrivingSchoolManagementSystem.main([Ljava/lang/String;)V+35
v  ~StubRoutines::call_stub
V  [jvm.dll+0x122c7e]
V  [jvm.dll+0x1c9c0e]
V  [jvm.dll+0x122d0d]
V  [jvm.dll+0xa77e4]
V  [jvm.dll+0xb1b77]
C  [java.exe+0x1fd3]
C  [java.exe+0xa0ab]
C  [java.exe+0xa135]
C  [KERNEL32.dll+0x1336a]  BaseThreadInitThunk+0x12
C  [ntdll.dll+0x39f72]  RtlInitializeExceptionChain+0x63
C  [ntdll.dll+0x39f45]  RtlInitializeExceptionChain+0x36

Java frames: (J=compiled Java code, j=interpreted, Vv=VM code)
j  com.jpackages.jflashplayer.FlashPanel.isValidKeyJNI(Ljava/lang/String;)Z+0
j  com.jpackages.jflashplayer.FlashPanel.a(Ljava/lang/String;)Z+1
j  com.jpackages.jflashplayer.FlashPanel.b(Ljava/lang/String;Z)I+37
j  com.jpackages.jflashplayer.FlashPanel.a(Ljava/lang/String;Z)V+3
j  com.jpackages.jflashplayer.FlashPanel.<init>(Ljava/io/File;)V+238
j  dsms.views.Start1.<init>()V+94
j  dsms.DrivingSchoolManagementSystem.main([Ljava/lang/String;)V+35
v  ~StubRoutines::call_stub

---------------  P R O C E S S  ---------------

Java Threads: ( => current thread )
  0x18c18800 JavaThread "AWT-EventQueue-0" [_thread_blocked, id=7432, stack(0x19660000,0x196b0000)]
  0x18b13800 JavaThread "AWT-Windows" daemon [_thread_in_native, id=7412, stack(0x187b0000,0x18800000)]
  0x18b13400 JavaThread "AWT-Shutdown" [_thread_blocked, id=7416, stack(0x18440000,0x18490000)]
  0x18a94800 JavaThread "Java2D Disposer" daemon [_thread_blocked, id=6600, stack(0x18ec0000,0x18f10000)]
  0x18120400 JavaThread "Service Thread" daemon [_thread_blocked, id=7420, stack(0x18800000,0x18850000)]
  0x18119c00 JavaThread "C1 CompilerThread0" daemon [_thread_blocked, id=7392, stack(0x18660000,0x186b0000)]
  0x18118800 JavaThread "Attach Listener" daemon [_thread_blocked, id=7376, stack(0x186e0000,0x18730000)]
  0x18115800 JavaThread "Signal Dispatcher" daemon [_thread_blocked, id=7244, stack(0x18760000,0x187b0000)]
  0x180ba400 JavaThread "Finalizer" daemon [_thread_blocked, id=7364, stack(0x185a0000,0x185f0000)]
  0x180b8c00 JavaThread "Reference Handler" daemon [_thread_blocked, id=7388, stack(0x18300000,0x18350000)]
=>0x0095c000 JavaThread "main" [_thread_in_vm, id=7336, stack(0x003f0000,0x00440000)]

Other Threads:
  0x180b3400 VMThread [stack: 0x183f0000,0x18440000] [id=7720]
  0x1813b000 WatcherThread [stack: 0x18920000,0x18970000] [id=7428]

VM state:not at safepoint (normal execution)

VM Mutex/Monitor currently owned by a thread: None

Heap
 def new generation   total 4928K, used 2477K [0x040b0000, 0x04600000, 0x09600000)
  eden space 4416K,  44% used [0x040b0000, 0x0429b660, 0x04500000)
  from space 512K, 100% used [0x04500000, 0x04580000, 0x04580000)
  to   space 512K,   0% used [0x04580000, 0x04580000, 0x04600000)
 tenured generation   total 10944K, used 4972K [0x09600000, 0x0a0b0000, 0x140b0000)
   the space 10944K,  45% used [0x09600000, 0x09adb138, 0x09adb200, 0x0a0b0000)
 compacting perm gen  total 12288K, used 10725K [0x140b0000, 0x14cb0000, 0x180b0000)
   the space 12288K,  87% used [0x140b0000, 0x14b29760, 0x14b29800, 0x14cb0000)
No shared spaces configured.

Code Cache  [0x020b0000, 0x021a0000, 0x040b0000)
 total_blobs=555 nmethods=321 adapters=167 free_code_cache=31833Kb largest_free_block=32597824

Dynamic libraries:
0x00aa0000 - 0x00ace000 	C:\Program Files (x86)\Java\jdk1.7.0_01\bin\java.exe
0x77b10000 - 0x77c90000 	C:\Windows\SysWOW64\ntdll.dll
0x74710000 - 0x7474f000 	C:\Program Files\AVAST Software\Avast\snxhk.dll
0x76540000 - 0x76650000 	C:\Windows\syswow64\KERNEL32.dll
0x75c20000 - 0x75c67000 	C:\Windows\syswow64\KERNELBASE.dll
0x75d30000 - 0x75dd0000 	C:\Windows\syswow64\ADVAPI32.dll
0x75660000 - 0x7570c000 	C:\Windows\syswow64\msvcrt.dll
0x75720000 - 0x75739000 	C:\Windows\SysWOW64\sechost.dll
0x75740000 - 0x75830000 	C:\Windows\syswow64\RPCRT4.dll
0x75560000 - 0x755c0000 	C:\Windows\syswow64\SspiCli.dll
0x75550000 - 0x7555c000 	C:\Windows\syswow64\CRYPTBASE.dll
0x761b0000 - 0x762b0000 	C:\Windows\syswow64\USER32.dll
0x772a0000 - 0x77330000 	C:\Windows\syswow64\GDI32.dll
0x75dd0000 - 0x75dda000 	C:\Windows\syswow64\LPK.dll
0x75b40000 - 0x75bdd000 	C:\Windows\syswow64\USP10.dll
0x71930000 - 0x71ace000 	C:\Windows\WinSxS\x86_microsoft.windows.common-controls_6595b64144ccf1df_6.0.7601.17514_none_41e6975e2bd6f2b2\COMCTL32.dll
0x75ae0000 - 0x75b37000 	C:\Windows\syswow64\SHLWAPI.dll
0x75df0000 - 0x75e50000 	C:\Windows\system32\IMM32.DLL
0x77520000 - 0x775ec000 	C:\Windows\syswow64\MSCTF.dll
0x6ec30000 - 0x6ecee000 	C:\Program Files (x86)\Java\jdk1.7.0_01\jre\bin\msvcr100.dll
0x6d930000 - 0x6dc51000 	C:\Program Files (x86)\Java\jdk1.7.0_01\jre\bin\client\jvm.dll
0x73830000 - 0x73837000 	C:\Windows\system32\WSOCK32.dll
0x762b0000 - 0x762e5000 	C:\Windows\syswow64\WS2_32.dll
0x75e50000 - 0x75e56000 	C:\Windows\syswow64\NSI.dll
0x710d0000 - 0x71102000 	C:\Windows\system32\WINMM.dll
0x76190000 - 0x76195000 	C:\Windows\syswow64\PSAPI.DLL
0x70400000 - 0x7040c000 	C:\Program Files (x86)\Java\jdk1.7.0_01\jre\bin\verify.dll
0x703e0000 - 0x70400000 	C:\Program Files (x86)\Java\jdk1.7.0_01\jre\bin\java.dll
0x703c0000 - 0x703d3000 	C:\Program Files (x86)\Java\jdk1.7.0_01\jre\bin\zip.dll
0x6eae0000 - 0x6ec22000 	C:\Program Files (x86)\Java\jdk1.7.0_01\jre\bin\awt.dll
0x764b0000 - 0x7653f000 	C:\Windows\syswow64\OLEAUT32.dll
0x75e60000 - 0x75fbc000 	C:\Windows\syswow64\ole32.dll
0x728e0000 - 0x72960000 	C:\Windows\system32\uxtheme.dll
0x728c0000 - 0x728d3000 	C:\Windows\system32\dwmapi.dll
0x76650000 - 0x7729a000 	C:\Windows\syswow64\SHELL32.dll
0x703a0000 - 0x703b4000 	C:\Program Files (x86)\Java\jdk1.7.0_01\jre\bin\net.dll
0x71290000 - 0x712cc000 	C:\Windows\system32\mswsock.dll
0x71270000 - 0x71276000 	C:\Windows\System32\wship6.dll
0x70390000 - 0x7039f000 	C:\Program Files (x86)\Java\jdk1.7.0_01\jre\bin\nio.dll
0x5cd30000 - 0x5cd55000 	C:\Program Files (x86)\Java\jdk1.7.0_01\jre\bin\jpeg.dll
0x70360000 - 0x7038a000 	C:\Program Files (x86)\Java\jdk1.7.0_01\jre\bin\fontmanager.dll
0x755d0000 - 0x75653000 	C:\Windows\syswow64\CLBCatQ.DLL
0x75070000 - 0x751a0000 	C:\Windows\system32\WindowsCodecs.dll
0x737c0000 - 0x7380c000 	C:\Windows\system32\apphelp.dll
0x74db0000 - 0x74de1000 	C:\Windows\system32\EhStorShell.dll
0x762f0000 - 0x7648d000 	C:\Windows\syswow64\SETUPAPI.dll
0x77460000 - 0x77487000 	C:\Windows\syswow64\CFGMGR32.dll
0x76490000 - 0x764a2000 	C:\Windows\syswow64\DEVOBJ.dll
0x752f0000 - 0x753e5000 	C:\Windows\system32\PROPSYS.dll
0x661c0000 - 0x663dd000 	C:\PROGRA~2\MICROS~1\Office12\GR469A~1.DLL
0x68ef0000 - 0x68fe1000 	C:\PROGRA~2\MICROS~1\Office12\GrooveUtil.DLL
0x75fd0000 - 0x76188000 	C:\Windows\syswow64\WININET.dll
0x75ca0000 - 0x75ca4000 	C:\Windows\syswow64\api-ms-win-downlevel-user32-l1-1-0.dll
0x77ae0000 - 0x77ae5000 	C:\Windows\syswow64\api-ms-win-downlevel-advapi32-l1-1-0.dll
0x75fc0000 - 0x75fc4000 	C:\Windows\syswow64\api-ms-win-downlevel-shlwapi-l1-1-0.dll
0x75de0000 - 0x75de4000 	C:\Windows\syswow64\api-ms-win-downlevel-version-l1-1-0.dll
0x73820000 - 0x73829000 	C:\Windows\system32\version.DLL
0x755c0000 - 0x755c3000 	C:\Windows\syswow64\api-ms-win-downlevel-normaliz-l1-1-0.dll
0x761a0000 - 0x761a3000 	C:\Windows\syswow64\normaliz.DLL
0x758e0000 - 0x75ad8000 	C:\Windows\syswow64\iertutil.dll
0x775f0000 - 0x77710000 	C:\Windows\syswow64\CRYPT32.dll
0x75710000 - 0x7571c000 	C:\Windows\syswow64\MSASN1.dll
0x729e0000 - 0x72a7b000 	C:\Windows\WinSxS\x86_microsoft.vc80.crt_1fc8b3b9a1e18e3b_8.0.50727.6195_none_d09154e044272b9a\MSVCR80.dll
0x68ff0000 - 0x68ff7000 	C:\PROGRA~2\MICROS~1\Office12\GrooveNew.DLL
0x74830000 - 0x7484b000 	C:\Windows\WinSxS\x86_microsoft.vc80.atl_1fc8b3b9a1e18e3b_8.0.50727.6195_none_d1cb102c435421de\ATL80.DLL
0x751f0000 - 0x75206000 	C:\Windows\system32\CRYPTSP.dll
0x751b0000 - 0x751eb000 	C:\Windows\system32\rsaenh.dll
0x72960000 - 0x72965000 	C:\Windows\system32\MSImg32.dll
0x74750000 - 0x747c0000 	C:\Windows\system32\ntshrui.dll
0x71b10000 - 0x71b29000 	C:\Windows\system32\srvcli.dll
0x74820000 - 0x7482b000 	C:\Windows\system32\cscapi.dll
0x74810000 - 0x7481a000 	C:\Windows\system32\slc.dll
0x6eaa0000 - 0x6ead1000 	C:\Program Files (x86)\Java\jdk1.7.0_01\jre\bin\t2k.dll
0x71280000 - 0x71285000 	C:\Windows\System32\wshtcpip.dll
0x71220000 - 0x71264000 	C:\Windows\system32\DNSAPI.dll
0x73210000 - 0x7322c000 	C:\Windows\system32\IPHLPAPI.DLL
0x73200000 - 0x73207000 	C:\Windows\system32\WINNSI.DLL
0x71210000 - 0x71216000 	C:\Windows\system32\rasadhlp.dll
0x705f0000 - 0x70628000 	C:\Windows\System32\fwpuclnt.dll
0x1a300000 - 0x1a322000 	C:\Users\User\Documents\NetBeansProjects\DrivingSchoolManagementSystem\jflash.dll

VM Arguments:
jvm_args: -Dfile.encoding=UTF-8 
java_command: dsms.DrivingSchoolManagementSystem
Launcher Type: SUN_STANDARD

Environment Variables:
PATH=C:\Windows\system32;C:\Windows;C:\Windows\System32\Wbem;C:\Windows\System32\WindowsPowerShell\v1.0\;C:\Program Files (x86)\ATI Technologies\ATI.ACE\Core-Static;C:\Program Files (x86)\MySQL\MySQL Server 5.5\bin;C:\Program Files (x86)\Microsoft SQL Server\100\Tools\Binn\;C:\Program Files\Microsoft SQL Server\100\Tools\Binn\;C:\Program Files\Microsoft SQL Server\100\DTS\Binn\;C:\Program Files (x86)\Java\jdk1.7.0_01\bin\
USERNAME=User
OS=Windows_NT
PROCESSOR_IDENTIFIER=Intel64 Family 6 Model 58 Stepping 9, GenuineIntel



---------------  S Y S T E M  ---------------

OS: Windows 7 , 64 bit Build 7601 Service Pack 1

CPU:total 4 (2 cores per cpu, 2 threads per core) family 6 model 58 stepping 9, cmov, cx8, fxsr, mmx, sse, sse2, sse3, ssse3, sse4.1, sse4.2, popcnt, ht

Memory: 4k page, physical 4066668k(1168952k free), swap 8131476k(4561916k free)

vm_info: Java HotSpot(TM) Client VM (21.1-b02) for windows-x86 JRE (1.7.0_01-b08), built on Oct  3 2011 02:11:36 by "java_re" with unknown MS VC++:1600

time: Mon Oct 07 12:15:27 2013
elapsed time: 9 seconds

